<?xml version="1.0" encoding="UTF-8"?>
<!-- Generated by org.testng.reporters.JUnitReportReporter -->
<testsuite hostname="KVEPA01" name="test.java.com.apple.assignment.RemoveCharTest" tests="2" failures="0" timestamp="27 Jun 2015 00:01:58 GMT" time="0.018" errors="0">
  <testcase name="testRemoveCharByLoop" time="0.016" classname="test.java.com.apple.assignment.RemoveCharTest"/>
  <testcase name="testRemoveCharUsingAPI" time="0.002" classname="test.java.com.apple.assignment.RemoveCharTest"/>
</testsuite> <!-- test.java.com.apple.assignment.RemoveCharTest -->
